GET / 404 139 - 3.185 ms
POST /api/v1/products 200 45 - 5.174 ms
GET / 404 139 - 2.652 ms
GET / 404 139 - 0.588 ms
GET / 404 139 - 0.961 ms
GET / 404 139 - 0.309 ms
GET / 404 139 - 0.633 ms
GET / 404 139 - 0.217 ms
GET / 404 139 - 1.840 ms
POST /api/v1/products 500 1554 - 13.941 ms
GET /api/v1/products 200 49 - 3.272 ms
POST /api/v1/products 500 1554 - 8.662 ms
POST /api/v1/products 500 1554 - 8.626 ms
GET / 404 139 - 1.946 ms
POST /api/v1/products 500 1554 - 10.037 ms
POST /api/v1/products 500 1554 - 13.304 ms
GET / 404 139 - 1.671 ms
POST /api/v1/products 500 1554 - 7.723 ms
POST /api/v1/products 500 28 - 10011.412 ms
GET / 404 139 - 1.382 ms
POST /api/v1/products 201 60 - 93.407 ms
POST /api/v1/products 201 57 - 91.380 ms
POST /api/v1/products 201 63 - 98.599 ms
POST /api/v1/products 201 63 - 32.672 ms
POST /api/v1/products 201 70 - 88.147 ms
GET / 404 139 - 4.095 ms
GET / 200 23 - 1.544 ms
GET /favicon.ico 404 150 - 2.494 ms
GET / 304 - - 0.388 ms
GET / 404 139 - 1.677 ms
GET / 200 23 - 1.242 ms
GET / 304 - - 1.809 ms
GET / 304 - - 1.675 ms
POST /api/v1/products 201 77 - 90.093 ms
POST /api/v1/products 201 98 - 107.094 ms
POST /api/v1/products 201 98 - 133.076 ms
POST /api/v1/products 201 117 - 26.268 ms
POST /api/v1/products 201 119 - 54.666 ms
GET / 404 139 - 1.352 ms
GET / 404 139 - 1.564 ms
GET /api/v1/products 200 239 - 37.766 ms
GET / 404 139 - 4.665 ms
DELETE /api/v1/products/6644608b4b713008eae6c4d1 404 54 - 28.489 ms
PUT /api/v1/products/6644608b4b713008eae6c4d9 400 18 - 2.282 ms
PUT /api/v1/products/6644608b4b713008eae6c4d1 400 18 - 1.305 ms
PUT /api/v1/products/%20%20%20%20%20%20%206644608b4b713008eae6c4d1 400 18 - 2.144 ms
PUT /api/v1/products/%20%20%20%20%20%20%206644608b4b713008eae6c4d1 400 18 - 1.628 ms
GET /api/v1/products/664460cf4b713008eae6c4d3 200 393 - 117.344 ms
PUT /api/v1/products/%20%206644608b4b713008eae6c4d1 400 18 - 1.042 ms
PUT /api/v1/products/%20%206644608b4b713008eae6c4d9 400 18 - 0.323 ms
PUT /api/v1/products/%20%206644608b4b713008eae6c4d1 400 18 - 0.235 ms
GET /api/v1/products 200 999 - 82.750 ms
PUT /api/v1/products/66433e648959c61e94a106e4 404 26 - 146.529 ms
PUT /api/v1/products/664460cf4b713008eae6c4d3 200 325 - 75.215 ms
PUT /api/v1/products/getcount 400 18 - 1.487 ms
PUT /api/v1/products/get/count 404 164 - 0.734 ms
PUT /api/v1/products/get/count 404 164 - 1.105 ms
PUT /api/v1/products/get/count 404 164 - 2.310 ms
GET /api/v1/products/get/count 200 18 - 28.693 ms
GET /api/v1/products/get/featured 200 975 - 141.152 ms
GET /api/v1/products/get/featured/3 200 975 - 33.395 ms
GET /api/v1/products/get/featured/2 200 651 - 44.109 msGET /api/v1/products 200 2 - 25.156 ms
GET /api/v1/products/ 200 1011 - 65.262 ms
GET /api/v1/products?categories 200 1011 - 93.640 ms
GET /api/v1/products?categories=66433e548959c61e94a106e2 200 2 - 120.097 ms
GET /api/v1/products?categories=66433e648959c61e94a106e4 200 2 - 25.689 ms
GET /api/v1/products?categories=66433e718959c61e94a106e6 200 2 - 39.972 ms
GET /api/v1/products?categories=66433e548959c61e94a106e2 200 2 - 23.475 ms
GET /api/v1/products?categories=66433e548959c61e94a106e2 200 407 - 78.817 ms
GET /api/v1/products?categories=66433e548959c61e94a106e2,66433e648959c61e94a106e4 200 407 - 173.330 ms
GET /api/v1/products?categories=66433e548959c61e94a106e2,66433e648959c61e94a106e4,66433e718959c61e94a106e6 200 407 - 172.717 ms
GET /api/v1/products?categories=66433e548959c61e94a106e2,66433e648959c61e99a106e4,66433e648959c61e99a106e7 200 1011 - 158.357 ms
GET /api/v1/products?categories 200 1011 - 194.248 ms
GET /api/v1/products 200 1011 - 151.383 ms
GET /api/v1/products 200 1011 - 147.943 ms
GET /api/v1/products 200 1011 - 57.329 ms
GET /api/v1/categories/ 200 306 - 34.666 ms
GET /api/v1/categories/ 200 306 - 26.190 ms
GET /api/v1/categories/ 200 306 - 28.790 ms
GET /api/v1/products 200 1011 - 41.653 ms
GET /api/v1/products 200 1107 - 57.522 ms
GET /api/v1/categories/ 200 306 - 92.555 ms
GET /api/v1/categories 200 402 - 130.090 ms
GET /api/v1/users 200 2 - 25.709 ms
POST /api/v1/users 200 245 - 94.486 ms
GET /api/v1/users 200 247 - 20.859 ms
POST /api/v1/users 200 255 - 43.156 ms
GET /api/v1/users 200 503 - 30.435 ms
POST /api/v1/users 200 255 - 35.477 ms
GET /api/v1/users 200 759 - 22.435 ms
POST /api/v1/users 200 306 - 105.116 ms
GET /api/v1/users 200 1066 - 26.271 ms
GET /api/v1/users/6645a34310447beed6137fb2 200 306 - 28.160 ms
GET /api/v1/users/ 200 1066 - 22.360 ms
GET /api/v1/users/ 200 907 - 31.641 ms
GET /api/v1/users/6645a212c66ac3eb81927fa2 200 228 - 26.980 ms
GET /api/v1/users 200 907 - 31.056 ms
GET /api/v1/users/66459f9ac66ac3eb81927f9f 200 228 - 23.759 ms
GET /api/v1/users/66459f9ac66ac3eb81927f9f 200 228 - 27.747 ms
GET /api/v1/users/66459f9ac66ac3eb81927f9f 200 228 - 32.290 ms
GET /api/v1/users/66459f9ac66ac3eb81927f9f 200 228 - 28.054 ms
GET /api/v1/users/ 200 907 - 26.839 ms
GET /api/v1/users/ 200 743 - 30.510 ms
GET /api/v1/cetegory 404 154 - 2.489 ms
GET /api/v1/category 404 154 - 0.409 ms
GET /api/v1/categories 200 279 - 30.626 ms
GET /api/v1/products 200 975 - 53.125 ms
GET /api/v1/user 404 150 - 0.393 ms
GET /api/v1/users 200 743 - 25.073 ms
GET /api/v1/users/66459e35ce4eb5c05b5079f5 200 177 - 23.553 ms
GET /api/v1/user 404 150 - 0.401 ms
GET /api/v1/users 200 743 - 37.864 ms
GET /api/v1/users 200 775 - 60.899 ms
GET /api/v1/users 200 907 - 130.732 ms
GET /api/v1/users 200 743 - 35.096 ms
POST /api/v1/users 200 265 - 187.726 ms
GET /api/v1/users 200 931 - 31.616 ms
POST /api/v1/users 200 291 - 159.130 ms
GET /api/v1/users 200 1145 - 37.553 ms
GET /api/v1/users 200 215 - 52.141 ms
GET /api/v1/users 200 215 - 22.592 ms
GET /api/v1/users 200 215 - 34.024 ms
POST /api/v1/users/login 400 14 - 27.691 ms
POST /api/v1/users/login 200 291 - 23.378 ms
POST /api/v1/users/login 400 291 - 112.395 ms
POST /api/v1/users/login 400 291 - 158.491 ms
POST /api/v1/users/login 400 291 - 173.908 ms
POST /api/v1/users/login 200 21 - 165.846 ms
POST /api/v1/users/login 400 28 - 108.955 ms
POST /api/v1/users/login 400 28 - 108.707 ms
POST /api/v1/users/login 200 360 - 174.813 ms
POST /api/v1/users/login 200 190 - 153.682 ms
POST /api/v1/users/login 200 190 - 110.164 ms
POST /api/v1/users/login 200 213 - 112.035 ms
GET /api/v1/products/ - - - - ms
GET /api/v1/products - - - - ms
GET /api/v1/products - - - - ms
GET /api/v1/users - - - - ms
GET /api/v1/users - - - - ms
GET /api/v1/products/ - - - - ms
GET /api/v1/products/ 500 1538 - 1.466 ms
GET /api/v1/products/ 500 1575 - 1.758 ms
GET /api/v1/products/ 500 1539 - 1.564 ms
GET /api/v1/products/ 500 1538 - 1.621 ms
GET /api/v1/products/ 500 1538 - 1.631 ms
GET /api/v1/products/ 401 1487 - 2.472 ms
POST /api/v1/user/login 401 1487 - 0.539 ms
POST /api/v1/users/login 401 1487 - 0.580 ms
POST /api/v1/user/login 401 1487 - 3.367 ms
POST /api/v1/user/login 404 157 - 2.029 ms
GET /api/v1/user/login 404 156 - 0.425 ms
POST /api/v1/users/login 200 213 - 196.350 ms
GET /api/v1/products/ 200 975 - 194.156 ms
GET /api/v1/products/ 500 1071 - 7.752 ms
GET /api/v1/products/ 200 975 - 149.084 ms
GET /api/v1/products/ 500 1071 - 1.554 ms
GET /api/v1/products/ 200 975 - 248.880 ms
GET /api/v1/products/ 200 975 - 104.940 ms
GET /api/v1/products/ 500 1071 - 4.595 ms
GET /api/v1/products/ 500 33 - 9.203 ms
GET /api/v1/products/ 500 69 - 5.373 ms
GET /api/v1/products/ 500 73 - 4.081 ms
GET /api/v1/products/ 500 143 - 5.948 ms
GET /api/v1/products/ 200 975 - 99.250 ms
GET /api/v1/products/ 200 975 - 152.804 ms
GET /api/v1/products/ 500 39 - 2.184 ms
GET /api/v1/products/ 200 975 - 98.081 ms
POST /api/v1/users/login 200 213 - 152.011 ms
GET /api/v1/products/ 500 39 - 4.790 ms
GET /api/v1/products 200 975 - 181.074 ms
POST /api/v1/products 500 39 - 0.743 ms
GET /api/v1/products 200 975 - 87.035 ms
GET /api/v1/products 500 39 - 7.548 ms
GET /api/v1/products 500 39 - 0.744 ms
GET /api/v1/products 500 39 - 0.651 ms
GET /api/v1/products 200 975 - 109.288 ms
GET /api/v1/products/featured 500 39 - 2.490 ms
GET /api/v1/products/featured 500 39 - 2.541 ms
GET /api/v1/products/featured 500 39 - 2.698 ms
GET /api/v1/products/featured/3 500 39 - 0.531 ms
GET /api/v1/products/get/featured/3 500 39 - 0.512 ms
GET /api/v1/products/get/featured/ 404 168 - 2.194 ms
GET /api/v1/products/get/featured/3 200 948 - 82.612 ms
POST /api/v1/users/login 200 213 - 706.902 ms
GET /api/v1/user 500 39 - 6.349 ms
GET /api/v1/user 500 2 - 2.586 ms
GET /api/v1/users 500 2 - 1.957 ms
GET /api/v1/users 500 2 - 3.899 ms
GET /api/v1/users 500 2 - 2.537 ms
GET /api/v1/users 500 2 - 3.314 ms
GET /api/v1/users 500 39 - 0.939 ms
POST /api/v1/users 500 39 - 0.562 ms
GET /api/v1/users 500 2 - 0.933 ms
GET /api/v1/users 500 2 - 0.933 ms
POST /api/v1/users 500 39 - 3.575 ms
GET /api/v1/users 500 39 - 9.327 ms
POST /api/v1/users 500 39 - 2.206 ms
POST /api/v1/users 200 212 - 130.997 ms
GET /api/v1/users 200 351 - 107.801 ms
POST /api/v1/users/login 200 234 - 124.144 ms
POST /api/v1/products/ 500 39 - 7.755 ms
POST /api/v1/users/login 400 14 - 60.252 ms
POST /api/v1/users/login 400 28 - 137.547 ms
POST /api/v1/users/login 400 28 - 191.948 ms
POST /api/v1/users/login 400 28 - 127.624 ms
POST /api/v1/users/login 200 234 - 125.425 ms
POST /api/v1/products/ 500 2 - 2.736 ms
POST /api/v1/products/ 500 2 - 3.078 ms
GET /api/v1/products 200 975 - 85.913 ms
POST /api/v1/products/ 500 2 - 1.825 ms
POST /api/v1/products/ 500 2 - 2.045 ms
POST /api/v1/products/ 500 2 - 5.370 ms
GET /api/v1/categories 200 279 - 125.818 ms
POST /api/v1/products/ 500 2 - 1.702 ms
POST /api/v1/users/login 200 234 - 184.981 ms
POST /api/v1/products/ 500 2 - 3.395 ms
POST /api/v1/products/ 500 2 - 2.114 ms
POST /api/v1/products/ 500 2 - 2.491 ms
POST /api/v1/products/ 500 901 - 5.046 ms
POST /api/v1/products/ 500 902 - 4.834 ms
POST /api/v1/products/ 500 902 - 7.934 ms
POST /api/v1/products/ 500 902 - 5.282 ms
POST /api/v1/products/ 500 902 - 5.015 ms
POST /api/v1/products/ 500 2 - 5.351 ms
POST /api/v1/products/ 500 902 - 4.854 ms
POST /api/v1/products/ 500 902 - 5.160 ms
POST /api/v1/products/ 500 906 - 4.584 ms
POST /api/v1/products/ 500 902 - 4.934 ms
POST /api/v1/products/ 500 902 - 4.655 ms
POST /api/v1/products/ 500 902 - 4.729 ms
POST /api/v1/products/ 500 902 - 5.531 ms
POST /api/v1/products/ 500 902 - 5.346 ms
POST /api/v1/products/ 500 902 - 5.140 ms
POST /api/v1/products/ 500 901 - 7.128 ms
POST /api/v1/products/ 500 902 - 5.397 ms
POST /api/v1/products/ 500 906 - 6.822 ms
POST /api/v1/products/ 500 901 - 5.501 ms
POST /api/v1/products/ 500 902 - 4.991 ms
POST /api/v1/products/ 201 314 - 59.328 ms
POST /api/v1/products/ 201 314 - 71.916 ms
POST /api/v1/products/ 500 39 - 0.513 ms
POST /api/v1/products/ 201 314 - 57.833 ms
POST /api/v1/products/ 500 2 - 5.386 ms
POST /api/v1/products/ 500 2 - 6.236 ms
POST /api/v1/products/ 500 2 - 4.867 ms
POST /api/v1/products/ 500 2 - 15.905 ms
POST /api/v1/products/ 500 2 - 15.466 ms
POST /api/v1/products/ 500 2 - 13.747 ms
